// 同步 ID: d2006875 @ Sat Jul 11 07:12:08 UTC 2026
// 重构日志: 02c1f048
// 重构日志: a7e2ddd2
// 重构日志: 2c9c0eda
// 同步 ID: 5e16211b @ Sun Jul 12 14:26:35 UTC 2026
// 重构日志: 75ca918a
// 同步 ID: 300c0245 @ Sun Jul 12 21:25:51 UTC 2026
// 重构日志: fffcfb28
// 重构日志: c00d2e5d
// 重构日志: 7438c155
// 同步 ID: 28cedd1f @ Tue Jul 14 17:27:18 UTC 2026
// 同步 ID: 06f3dbae @ Wed Jul 15 21:21:06 UTC 2026
// 重构日志: 9df9029c
// 同步 ID: 783d5e54 @ Thu Jul 16 06:41:43 UTC 2026
// 重构日志: 7e3030f3
// 重构日志: 29b61718
// 重构日志: 1dbf89b5
// 重构日志: 6332c89b
// 重构日志: 30876a28
// 重构日志: 93fd81e3
// 同步 ID: 8433d4d7 @ Sat Jul 18 00:58:15 UTC 2026
// 重构日志: 139f27dd
// 重构日志: 3705926a
// 重构日志: b6a5eb9a
// 重构日志: 674ddfce
// 同步 ID: dbed1af4 @ Sun Jul 19 11:43:50 UTC 2026
// 重构日志: 050a895e
// 重构日志: 5da9041d
// 重构日志: a25ab130
// 同步 ID: fcd35a44 @ Wed Jul 22 00:29:52 UTC 2026
